2024-12-06 01:28:26,806 - INFO - Analysis started.
2024-12-06 01:28:26,809 - INFO - Main analysis started.
2024-12-06 01:28:26,809 - INFO - Processing market data...
2024-12-06 01:28:43,437 - INFO - Market data processed successfully.
2024-12-06 01:28:43,438 - INFO - Processing inflation data...
2024-12-06 01:28:43,442 - INFO - Inflation data processed.
2024-12-06 01:28:43,442 - INFO - Processing GDP data...
2024-12-06 01:28:43,445 - INFO - GDP data processed.
2024-12-06 01:28:43,445 - INFO - Combining data...
2024-12-06 01:28:43,571 - INFO - Data combined and saved.
2024-12-06 01:29:02,312 - INFO - Analysis completed successfully.
2024-12-06 01:39:11,931 - INFO - Analysis started with deeper enhancements.
2024-12-06 01:39:11,934 - INFO - Main analysis (even deeper) started.
2024-12-06 01:39:11,934 - INFO - Processing market data...
2024-12-06 01:39:28,596 - INFO - Market data processed successfully.
2024-12-06 01:39:28,597 - INFO - Processing inflation data...
2024-12-06 01:39:28,603 - INFO - Inflation data processed.
2024-12-06 01:39:28,603 - INFO - Processing GDP data...
2024-12-06 01:39:28,606 - INFO - GDP data processed.
2024-12-06 01:39:28,607 - INFO - Combining data...
2024-12-06 01:39:28,740 - INFO - Data combined and saved.
2024-12-06 01:43:31,881 - INFO - Analysis started with deeper enhancements.
2024-12-06 01:43:31,885 - INFO - Main analysis (even deeper) started.
2024-12-06 01:43:31,885 - INFO - Processing market data...
2024-12-06 01:43:48,790 - INFO - Market data processed successfully.
2024-12-06 01:43:48,791 - INFO - Processing inflation data...
2024-12-06 01:43:48,795 - INFO - Inflation data processed.
2024-12-06 01:43:48,795 - INFO - Processing GDP data...
2024-12-06 01:43:48,799 - INFO - GDP data processed.
2024-12-06 01:43:48,799 - INFO - Combining data...
2024-12-06 01:43:48,924 - INFO - Data combined and saved.
2024-12-06 01:44:07,490 - INFO - Comprehensive analysis completed successfully with further enhancements.
2024-12-06 01:56:23,105 - INFO - Ultra-enhanced analysis started.
2024-12-06 01:56:23,109 - INFO - Main ultra-enhanced analysis started.
2024-12-06 01:57:48,099 - INFO - Ultra-enhanced analysis started.
2024-12-06 01:57:48,102 - INFO - Main ultra-enhanced analysis started.
2024-12-06 01:57:54,489 - INFO - Ultra-enhanced analysis started.
2024-12-06 01:57:54,491 - INFO - Main ultra-enhanced analysis started.
2024-12-06 01:57:56,369 - INFO - Ultra-enhanced analysis started.
2024-12-06 01:57:56,370 - INFO - Main ultra-enhanced analysis started.
2024-12-06 02:03:48,073 - INFO - Ultra-enhanced analysis started.
2024-12-06 02:03:48,076 - INFO - Main ultra-enhanced analysis started.
2024-12-06 02:07:58,503 - INFO - Ultra-enhanced analysis started.
2024-12-06 02:07:58,506 - INFO - Main ultra-enhanced analysis started.
2024-12-06 02:08:15,597 - INFO - Ultra-enhanced analysis started.
2024-12-06 02:08:15,600 - INFO - Main ultra-enhanced analysis started.
2024-12-06 02:11:03,480 - INFO - Ultra-enhanced analysis started.
2024-12-06 02:11:03,484 - INFO - Main ultra-enhanced analysis started.
2024-12-06 02:12:34,206 - INFO - Ultra-enhanced analysis started.
2024-12-06 02:12:34,209 - INFO - Main ultra-enhanced analysis started.
2024-12-06 02:12:34,322 - INFO - Ultracomprehensive analysis completed successfully.
2024-12-06 02:51:33,940 - INFO - Ultra-enhanced analysis started.
2024-12-06 02:51:33,945 - INFO - Main ultra-enhanced analysis started.
2024-12-06 02:51:33,945 - INFO - Processing market data...
2024-12-06 02:51:33,945 - INFO - Processing inflation data...
2024-12-06 02:51:33,957 - INFO - Processing GDP data...
2024-12-06 02:51:33,957 - INFO - Combining data...
2024-12-06 02:51:34,101 - INFO - Ultracomprehensive analysis completed successfully.
2024-12-06 02:52:54,448 - INFO - Ultra-enhanced analysis started.
2024-12-06 02:52:54,451 - INFO - Main ultra-enhanced analysis started.
2024-12-06 02:52:54,451 - INFO - Processing market data...
2024-12-06 02:52:54,451 - INFO - Processing inflation data...
2024-12-06 02:52:54,454 - INFO - Processing GDP data...
2024-12-06 02:52:54,454 - INFO - Combining data...
2024-12-06 02:52:54,554 - INFO - Ultracomprehensive analysis completed successfully.
2024-12-06 02:53:09,856 - INFO - Ultra-enhanced analysis started.
2024-12-06 02:53:09,858 - INFO - Main ultra-enhanced analysis started.
2024-12-06 02:53:09,858 - INFO - Processing market data...
2024-12-06 02:53:09,858 - INFO - Processing inflation data...
2024-12-06 02:53:09,859 - INFO - Processing GDP data...
2024-12-06 02:53:09,860 - INFO - Combining data...
2024-12-06 02:53:09,950 - INFO - Ultracomprehensive analysis completed successfully.
2024-12-07 17:04:34,943 - INFO - Ultra-enhanced analysis started.
2024-12-07 17:04:34,945 - INFO - Main ultra-enhanced analysis started.
2024-12-07 17:04:34,945 - INFO - Processing market data...
2024-12-07 17:04:34,945 - INFO - Processing inflation data...
2024-12-07 17:04:34,947 - INFO - Processing GDP data...
2024-12-07 17:04:34,948 - INFO - Combining data...
2024-12-07 17:04:35,122 - INFO - Ultracomprehensive analysis completed successfully.
2024-12-08 23:24:33,914 - INFO - Ultra-enhanced analysis started.
2024-12-08 23:24:33,917 - INFO - Main ultra-enhanced analysis started.
2024-12-08 23:24:33,917 - INFO - Processing market data...
2024-12-08 23:24:33,917 - INFO - Processing inflation data...
2024-12-08 23:24:33,920 - INFO - Processing GDP data...
2024-12-08 23:24:33,920 - INFO - Combining data...
2024-12-08 23:24:34,366 - INFO - Ultracomprehensive analysis completed successfully.
2024-12-13 17:10:43,054 - INFO - Ultra-enhanced analysis started.
2024-12-13 17:10:43,056 - INFO - Main ultra-enhanced analysis started.
2024-12-13 17:10:43,056 - INFO - Processing market data...
2024-12-13 17:10:43,056 - INFO - Processing inflation data...
2024-12-13 17:10:43,058 - INFO - Processing GDP data...
2024-12-13 17:10:43,058 - INFO - Combining data...
2024-12-13 17:10:43,234 - INFO - Ultracomprehensive analysis completed successfully.
2024-12-13 17:11:39,326 - INFO - Main ultra-enhanced analysis started.
2024-12-13 17:11:39,426 - INFO - Ultracomprehensive analysis completed successfully.
2024-12-13 17:15:47,320 - INFO - Main ultra-enhanced analysis started.
2024-12-13 17:15:47,443 - INFO - Ultracomprehensive analysis completed successfully.
2024-12-13 17:20:59,417 - INFO - Ultra-enhanced analysis started.
2024-12-13 17:20:59,417 - INFO - Main ultra-enhanced analysis started.
2024-12-13 17:20:59,417 - INFO - Processing market data...
2024-12-13 17:20:59,417 - INFO - Processing inflation data...
2024-12-13 17:20:59,418 - INFO - Processing GDP data...
2024-12-13 17:20:59,418 - INFO - Combining data...
2024-12-13 17:20:59,552 - INFO - Ultracomprehensive analysis completed successfully.
2024-12-13 17:22:03,470 - INFO - Ultra-enhanced analysis started.
2024-12-13 17:22:03,470 - INFO - Main ultra-enhanced analysis started.
2024-12-13 17:22:03,470 - INFO - Processing market data...
2024-12-13 17:22:03,470 - INFO - Processing inflation data...
2024-12-13 17:22:03,471 - INFO - Processing GDP data...
2024-12-13 17:22:03,472 - INFO - Combining data...
2024-12-13 17:22:03,598 - INFO - Ultracomprehensive analysis completed successfully.
2024-12-13 17:23:48,618 - INFO - Ultra-enhanced analysis started.
2024-12-13 17:23:48,618 - INFO - Main ultra-enhanced analysis started.
2024-12-13 17:23:48,618 - INFO - Processing market data...
2024-12-13 17:23:48,618 - INFO - Processing inflation data...
2024-12-13 17:23:48,619 - INFO - Processing GDP data...
2024-12-13 17:23:48,619 - INFO - Combining data...
2024-12-13 17:23:48,750 - INFO - Ultracomprehensive analysis completed successfully.
2024-12-13 17:28:17,224 - INFO - Ultra-enhanced analysis started.
2024-12-13 17:28:17,224 - INFO - Main ultra-enhanced analysis started.
2024-12-13 17:28:17,224 - INFO - Processing market data...
2024-12-13 17:28:17,224 - INFO - Processing inflation data...
2024-12-13 17:28:17,225 - INFO - Processing GDP data...
2024-12-13 17:28:17,226 - INFO - Combining data...
2024-12-13 17:28:17,355 - INFO - Ultracomprehensive analysis completed successfully.
2024-12-13 17:29:33,780 - INFO - Ultra-enhanced analysis started.
2024-12-13 17:29:33,780 - INFO - Main ultra-enhanced analysis started.
2024-12-13 17:29:33,780 - INFO - Processing market data...
2024-12-13 17:29:33,780 - INFO - Processing inflation data...
2024-12-13 17:29:33,781 - INFO - Processing GDP data...
2024-12-13 17:29:33,781 - INFO - Combining data...
2024-12-13 17:29:33,907 - INFO - Ultracomprehensive analysis completed successfully.
2024-12-14 03:14:25,709 - INFO - Ultra-enhanced analysis started.
2024-12-14 03:14:25,710 - INFO - Main ultra-enhanced analysis started.
2024-12-14 03:14:25,710 - INFO - Processing market data...
2024-12-14 03:14:25,710 - INFO - Processing inflation data...
2024-12-14 03:14:25,711 - INFO - Processing GDP data...
2024-12-14 03:14:25,711 - INFO - Combining data...
2024-12-14 03:14:25,859 - INFO - Ultracomprehensive analysis completed successfully.
2024-12-14 03:25:49,415 - INFO - Ultra-enhanced analysis started.
2024-12-14 03:25:49,415 - INFO - Main ultra-enhanced analysis started.
2024-12-14 03:25:49,415 - INFO - Processing market data...
2024-12-14 03:25:49,416 - INFO - Processing inflation data...
2024-12-14 03:25:49,417 - INFO - Processing GDP data...
2024-12-14 03:25:49,417 - INFO - Combining data...
2024-12-14 03:25:49,550 - INFO - Ultracomprehensive analysis completed successfully.
2024-12-14 03:26:03,868 - INFO - Ultra-enhanced analysis started.
2024-12-14 03:26:03,872 - INFO - Main ultra-enhanced analysis started.
2024-12-14 03:26:03,872 - INFO - Processing market data...
2024-12-14 03:26:03,873 - INFO - Processing inflation data...
2024-12-14 03:26:03,910 - INFO - Processing GDP data...
2024-12-14 03:26:03,911 - INFO - Combining data...
2024-12-14 03:26:04,061 - INFO - Ultracomprehensive analysis completed successfully.
2024-12-14 03:28:56,971 - INFO - Ultra-enhanced analysis started.
2024-12-14 03:28:56,972 - INFO - Main ultra-enhanced analysis started.
2024-12-14 03:28:56,972 - INFO - Processing market data...
2024-12-14 03:28:56,972 - INFO - Processing inflation data...
2024-12-14 03:28:56,973 - INFO - Processing GDP data...
2024-12-14 03:28:56,973 - INFO - Combining data...
2024-12-14 03:28:57,120 - INFO - Ultracomprehensive analysis completed successfully.
2024-12-16 01:31:37,769 - INFO - Ultra-enhanced analysis started.
2024-12-16 01:31:37,769 - INFO - Main ultra-enhanced analysis started.
2024-12-16 01:31:37,769 - INFO - Processing market data...
2024-12-16 01:31:37,769 - INFO - Processing inflation data...
2024-12-16 01:31:37,770 - INFO - Processing GDP data...
2024-12-16 01:31:37,771 - INFO - Combining data...
2024-12-16 01:31:37,900 - INFO - Ultracomprehensive analysis completed successfully.
2024-12-16 01:32:12,024 - INFO - Ultra-enhanced analysis started.
2024-12-16 01:32:12,025 - INFO - Main ultra-enhanced analysis started.
2024-12-16 01:32:12,025 - INFO - Processing market data...
2024-12-16 01:32:12,025 - INFO - Processing inflation data...
2024-12-16 01:32:12,026 - INFO - Processing GDP data...
2024-12-16 01:32:12,026 - INFO - Combining data...
2024-12-16 01:32:12,153 - INFO - Ultracomprehensive analysis completed successfully.
2024-12-16 01:34:43,304 - INFO - Ultra-enhanced analysis started.
2024-12-16 01:34:43,305 - INFO - Main ultra-enhanced analysis started.
2024-12-16 01:34:43,305 - INFO - Processing market data...
2024-12-16 01:34:43,305 - INFO - Processing inflation data...
2024-12-16 01:34:43,305 - INFO - Processing GDP data...
2024-12-16 01:34:43,306 - INFO - Combining data...
2024-12-16 01:34:43,433 - INFO - Ultracomprehensive analysis completed successfully.
2024-12-16 01:36:12,939 - INFO - Ultra-enhanced analysis started.
2024-12-16 01:36:12,939 - INFO - Main ultra-enhanced analysis started.
2024-12-16 01:36:12,939 - INFO - Processing market data...
2024-12-16 01:36:12,939 - INFO - Processing inflation data...
2024-12-16 01:36:12,941 - INFO - Processing GDP data...
2024-12-16 01:36:12,941 - INFO - Combining data...
2024-12-16 01:36:13,087 - INFO - Ultracomprehensive analysis completed successfully.
2024-12-16 01:37:51,217 - INFO - Ultra-enhanced analysis started.
2024-12-16 01:37:51,218 - INFO - Main ultra-enhanced analysis started.
2024-12-16 01:37:51,218 - INFO - Processing market data...
2024-12-16 01:37:51,218 - INFO - Processing inflation data...
2024-12-16 01:37:51,219 - INFO - Processing GDP data...
2024-12-16 01:37:51,219 - INFO - Combining data...
2024-12-16 01:37:51,366 - INFO - Ultracomprehensive analysis completed successfully.
2024-12-16 01:39:39,172 - INFO - Ultra-enhanced analysis started.
2024-12-16 01:39:39,173 - INFO - Main ultra-enhanced analysis started.
2024-12-16 01:39:39,173 - INFO - Processing market data...
2024-12-16 01:39:39,173 - INFO - Processing inflation data...
2024-12-16 01:39:39,174 - INFO - Processing GDP data...
2024-12-16 01:39:39,174 - INFO - Combining data...
2024-12-16 01:39:39,319 - INFO - Ultracomprehensive analysis completed successfully.
2024-12-16 01:40:13,770 - INFO - Ultra-enhanced analysis started.
2024-12-16 01:40:13,771 - INFO - Main ultra-enhanced analysis started.
2024-12-16 01:40:13,771 - INFO - Processing market data...
2024-12-16 01:40:13,771 - INFO - Processing inflation data...
2024-12-16 01:40:13,773 - INFO - Processing GDP data...
2024-12-16 01:40:13,773 - INFO - Combining data...
2024-12-16 01:40:13,919 - INFO - Ultracomprehensive analysis completed successfully.
2024-12-16 01:40:56,659 - INFO - Ultra-enhanced analysis started.
2024-12-16 01:40:56,659 - INFO - Main ultra-enhanced analysis started.
2024-12-16 01:40:56,659 - INFO - Processing market data...
2024-12-16 01:40:56,659 - INFO - Processing inflation data...
2024-12-16 01:40:56,660 - INFO - Processing GDP data...
2024-12-16 01:40:56,660 - INFO - Combining data...
2024-12-16 01:40:56,794 - INFO - Ultracomprehensive analysis completed successfully.
2024-12-16 01:45:25,448 - INFO - Ultra-enhanced analysis started.
2024-12-16 01:45:25,449 - INFO - Main ultra-enhanced analysis started.
2024-12-16 01:45:25,449 - INFO - Processing market data...
2024-12-16 01:45:25,449 - INFO - Processing inflation data...
2024-12-16 01:45:25,450 - INFO - Processing GDP data...
2024-12-16 01:45:25,450 - INFO - Combining data...
2024-12-16 01:45:25,603 - INFO - Ultracomprehensive analysis completed successfully.
2024-12-16 01:46:09,283 - INFO - Ultra-enhanced analysis started.
2024-12-16 01:46:09,284 - INFO - Main ultra-enhanced analysis started.
2024-12-16 01:46:09,284 - INFO - Processing market data...
2024-12-16 01:46:09,284 - INFO - Processing inflation data...
2024-12-16 01:46:09,286 - INFO - Processing GDP data...
2024-12-16 01:46:09,286 - INFO - Combining data...
2024-12-16 01:46:09,433 - INFO - Ultracomprehensive analysis completed successfully.
2024-12-16 01:49:33,945 - INFO - Ultra-enhanced analysis started.
2024-12-16 01:49:33,945 - INFO - Main ultra-enhanced analysis started.
2024-12-16 01:49:33,945 - INFO - Processing market data...
2024-12-16 01:49:33,945 - INFO - Processing inflation data...
2024-12-16 01:49:33,947 - INFO - Processing GDP data...
2024-12-16 01:49:33,947 - INFO - Combining data...
2024-12-16 01:49:34,094 - INFO - Ultracomprehensive analysis completed successfully.
2024-12-16 01:50:37,495 - INFO - Ultra-enhanced analysis started.
2024-12-16 01:50:37,496 - INFO - Main ultra-enhanced analysis started.
2024-12-16 01:50:37,496 - INFO - Processing market data...
2024-12-16 01:50:37,496 - INFO - Processing inflation data...
2024-12-16 01:50:37,497 - INFO - Processing GDP data...
2024-12-16 01:50:37,497 - INFO - Combining data...
2024-12-16 01:50:37,657 - INFO - Ultracomprehensive analysis completed successfully.
2024-12-16 01:52:36,478 - INFO - Ultra-enhanced analysis started.
2024-12-16 01:52:36,479 - INFO - Main ultra-enhanced analysis started.
2024-12-16 01:52:36,479 - INFO - Processing market data...
2024-12-16 01:52:36,479 - INFO - Processing inflation data...
2024-12-16 01:52:36,480 - INFO - Processing GDP data...
2024-12-16 01:52:36,480 - INFO - Combining data...
2024-12-16 01:52:36,624 - INFO - Ultracomprehensive analysis completed successfully.
2024-12-16 01:55:02,180 - INFO - Ultra-enhanced analysis started.
2024-12-16 01:55:02,180 - INFO - Main ultra-enhanced analysis started.
2024-12-16 01:55:02,180 - INFO - Processing market data...
2024-12-16 01:55:02,180 - INFO - Processing inflation data...
2024-12-16 01:55:02,182 - INFO - Processing GDP data...
2024-12-16 01:55:02,182 - INFO - Combining data...
2024-12-16 01:55:02,344 - INFO - Ultracomprehensive analysis completed successfully.
2024-12-16 01:55:23,414 - INFO - Ultra-enhanced analysis started.
2024-12-16 01:55:23,415 - INFO - Main ultra-enhanced analysis started.
2024-12-16 01:55:23,415 - INFO - Processing market data...
2024-12-16 01:55:23,415 - INFO - Processing inflation data...
2024-12-16 01:55:23,416 - INFO - Processing GDP data...
2024-12-16 01:55:23,416 - INFO - Combining data...
2024-12-16 01:55:23,552 - INFO - Ultracomprehensive analysis completed successfully.
2024-12-16 02:08:14,082 - INFO - Ultra-enhanced analysis started.
2024-12-16 02:08:14,082 - INFO - Main ultra-enhanced analysis started.
2024-12-16 02:08:14,082 - INFO - Processing market data...
2024-12-16 02:08:14,082 - INFO - Processing inflation data...
2024-12-16 02:08:14,084 - INFO - Processing GDP data...
2024-12-16 02:08:14,084 - INFO - Combining data...
2024-12-16 02:08:14,236 - INFO - Ultracomprehensive analysis completed successfully.
2024-12-16 09:31:19,496 - INFO - Ultra-enhanced analysis started.
2024-12-16 09:31:19,496 - INFO - Main ultra-enhanced analysis started.
2024-12-16 09:31:19,496 - INFO - Processing market data...
2024-12-16 09:31:19,496 - INFO - Processing inflation data...
2024-12-16 09:31:19,498 - INFO - Processing GDP data...
2024-12-16 09:31:19,498 - INFO - Combining data...
2024-12-16 09:31:19,643 - INFO - Ultracomprehensive analysis completed successfully.
2024-12-16 10:00:43,993 - INFO - Ultra-enhanced analysis started.
2024-12-16 10:00:43,994 - INFO - Main ultra-enhanced analysis started.
2024-12-16 10:00:43,994 - INFO - Processing market data...
2024-12-16 10:00:43,994 - INFO - Processing inflation data...
2024-12-16 10:00:43,995 - INFO - Processing GDP data...
2024-12-16 10:00:43,995 - INFO - Combining data...
2024-12-16 10:00:44,144 - INFO - Analysis completed successfully.
